[INFO] Scanning for projects...
[INFO] 
[INFO] ----------------------< org.clojars.jj:unarchive >----------------------
[INFO] Building unarchive 1.0.5-SNAPSHOT
[INFO]   from pom.xml
[INFO] --------------------------------[ jar ]---------------------------------
[INFO] 
[INFO] --- dependency:3.7.0:tree (default-cli) @ unarchive ---
[INFO] org.clojars.jj:unarchive:jar:1.0.5-SNAPSHOT
[INFO] +- org.clojure:clojure:jar:1.11.1:compile
[INFO] |  +- org.clojure:spec.alpha:jar:0.3.218:compile
[INFO] |  \- org.clojure:core.specs.alpha:jar:0.2.62:compile
[INFO] +- org.apache.commons:commons-compress:jar:1.27.1:compile
[INFO] |  +- commons-codec:commons-codec:jar:1.17.1:compile
[INFO] |  \- org.apache.commons:commons-lang3:jar:3.16.0:compile
[INFO] +- commons-io:commons-io:jar:2.15.1:compile
[INFO] \- org.clojars.jj:surykatka:jar:1.0.0:compile
[INFO]    +- (org.clojure:clojure:jar:1.12.0:compile - omitted for conflict with 1.11.1)
[INFO]    +- org.clojure:data.json:jar:2.5.1:compile
[INFO]    |  \- (org.clojure:clojure:jar:1.9.0:compile - omitted for conflict with 1.11.1)
[INFO]    \- org.clojure:tools.logging:jar:1.3.0:compile
[INFO]       \- (org.clojure:clojure:jar:1.10.3:compile - omitted for conflict with 1.11.1)
[INFO] ------------------------------------------------------------------------
[INFO] BUILD SUCCESS
[INFO] ------------------------------------------------------------------------
[INFO] Total time:  2.030 s
[INFO] Finished at: 2025-05-08T02:22:37+02:00
[INFO] ------------------------------------------------------------------------
